Using pre-set license
Built from '2020.3/staging' branch; Version is '2020.3.30f1 (1fb1bf06830e) revision 2077119'; Using compiler version '192528614'; Build Type 'Release'
OS: 'Windows 10  (10.0.19044) 64bit Core' Language: 'en' Physical Memory: 16311 MB
BatchMode: 1, IsHumanControllingUs: 0, StartBugReporterOnCrash: 0, Is64bit: 1, IsPro: 0

COMMAND LINE ARGUMENTS:
E:\Programs\Unity_Editor\2020.3.30f1\Editor\Unity.exe
-adb2
-batchMode
-noUpm
-name
AssetImportWorker4
-projectPath
E:/Downloads/Code_Unity/WorkTest_MAG
-logFile
Logs/AssetImportWorker4.log
-srvPort
57794
Successfully changed project path to: E:/Downloads/Code_Unity/WorkTest_MAG
E:/Downloads/Code_Unity/WorkTest_MAG
Using Asset Import Pipeline V2.
Refreshing native plugins compatible for Editor in 70.50 ms, found 3 plugins.
Preloading 0 native plugins for Editor in 0.00 ms.
Initialize engine version: 2020.3.30f1 (1fb1bf06830e)
[Subsystems] Discovering subsystems at path E:/Programs/Unity_Editor/2020.3.30f1/Editor/Data/Resources/UnitySubsystems
[Subsystems] Discovering subsystems at path E:/Downloads/Code_Unity/WorkTest_MAG/Assets
GfxDevice: creating device client; threaded=0
Direct3D:
    Version:  Direct3D 11.0 [level 11.1]
    Renderer: NVIDIA GeForce GTX 1070 (ID=0x1b81)
    Vendor:   
    VRAM:     8088 MB
    Driver:   30.0.15.1165
Initialize mono
Mono path[0] = 'E:/Programs/Unity_Editor/2020.3.30f1/Editor/Data/Managed'
Mono path[1] = 'E:/Programs/Unity_Editor/2020.3.30f1/Editor/Data/MonoBleedingEdge/lib/mono/unityjit'
Mono config path = 'E:/Programs/Unity_Editor/2020.3.30f1/Editor/Data/MonoBleedingEdge/etc'
Using monoOptions --debugger-agent=transport=dt_socket,embedding=1,server=y,suspend=n,address=127.0.0.1:56004
Begin MonoManager ReloadAssembly
Registering precompiled unity dll's ...
Register platform support module: E:/Programs/Unity_Editor/2020.3.30f1/Editor/Data/PlaybackEngines/WindowsStandaloneSupport/UnityEditor.WindowsStandalone.Extensions.dll
Registered in 0.001277 seconds.
Native extension for WindowsStandalone target not found
Refreshing native plugins compatible for Editor in 42.07 ms, found 3 plugins.
Preloading 0 native plugins for Editor in 0.00 ms.
Mono: successfully reloaded assembly
- Completed reload, in  1.455 seconds
Domain Reload Profiling:
	ReloadAssembly (1455ms)
		BeginReloadAssembly (209ms)
			ExecutionOrderSort (0ms)
			DisableScriptedObjects (0ms)
			BackupInstance (0ms)
			ReleaseScriptingObjects (0ms)
			CreateAndSetChildDomain (2ms)
		EndReloadAssembly (861ms)
			LoadAssemblies (207ms)
			RebuildTransferFunctionScriptingTraits (0ms)
			SetupTypeCache (541ms)
			ReleaseScriptCaches (0ms)
			RebuildScriptCaches (27ms)
			SetupLoadedEditorAssemblies (193ms)
				LogAssemblyErrors (0ms)
				InitializePlatformSupportModulesInManaged (24ms)
				SetLoadedEditorAssemblies (0ms)
				RefreshPlugins (42ms)
				BeforeProcessingInitializeOnLoad (12ms)
				ProcessInitializeOnLoadAttributes (72ms)
				ProcessInitializeOnLoadMethodAttributes (43ms)
				AfterProcessingInitializeOnLoad (0ms)
				EditorAssembliesLoaded (0ms)
			ExecutionOrderSort2 (0ms)
			AwakeInstancesAfterBackupRestoration (0ms)
Platform modules already initialized, skipping
Registering precompiled user dll's ...
Registered in 0.003763 seconds.
Begin MonoManager ReloadAssembly
Native extension for WindowsStandalone target not found
Refreshing native plugins compatible for Editor in 40.35 ms, found 3 plugins.
Preloading 0 native plugins for Editor in 0.00 ms.
Mono: successfully reloaded assembly
- Completed reload, in  1.405 seconds
Domain Reload Profiling:
	ReloadAssembly (1406ms)
		BeginReloadAssembly (161ms)
			ExecutionOrderSort (0ms)
			DisableScriptedObjects (4ms)
			BackupInstance (0ms)
			ReleaseScriptingObjects (0ms)
			CreateAndSetChildDomain (18ms)
		EndReloadAssembly (1191ms)
			LoadAssemblies (124ms)
			RebuildTransferFunctionScriptingTraits (0ms)
			SetupTypeCache (319ms)
			ReleaseScriptCaches (0ms)
			RebuildScriptCaches (76ms)
			SetupLoadedEditorAssemblies (571ms)
				LogAssemblyErrors (0ms)
				InitializePlatformSupportModulesInManaged (3ms)
				SetLoadedEditorAssemblies (0ms)
				RefreshPlugins (40ms)
				BeforeProcessingInitializeOnLoad (108ms)
				ProcessInitializeOnLoadAttributes (400ms)
				ProcessInitializeOnLoadMethodAttributes (16ms)
				AfterProcessingInitializeOnLoad (3ms)
				EditorAssembliesLoaded (0ms)
			ExecutionOrderSort2 (0ms)
			AwakeInstancesAfterBackupRestoration (5ms)
Platform modules already initialized, skipping
========================================================================
Worker process is ready to serve import requests
Launched and connected shader compiler UnityShaderCompiler.exe after 0.53 seconds
Refreshing native plugins compatible for Editor in 0.64 ms, found 3 plugins.
Preloading 0 native plugins for Editor in 0.00 ms.
Unloading 2230 Unused Serialized files (Serialized files now loaded: 0)
System memory in use before: 99.2 MB.
System memory in use after: 99.2 MB.

Unloading 33 unused Assets to reduce memory usage. Loaded Objects now: 2666.
Total: 2.824500 ms (FindLiveObjects: 0.142300 ms CreateObjectMapping: 0.069400 ms MarkObjects: 2.491100 ms  DeleteObjects: 0.120900 ms)

AssetImportParameters requested are different than current active one (requested -> active):
  custom:framework-win-MediaFoundation: 216162199b28c13a410421893ffa2e32 -> 
  custom:video-decoder-ogg-theora: a1e56fd34408186e4bbccfd4996cb3dc -> 
  custom:container-muxer-webm: aa71ff27fc2769a1b78a27578f13a17b -> 
  custom:container-demuxer-webm: 4f35f7cbe854078d1ac9338744f61a02 -> 
  custom:container-demuxer-ogg: 62fdf1f143b41e24485cea50d1cbac27 -> 
  custom:video-encoder-webm-vp8: eb34c28f22e8b96e1ab97ce403110664 -> 
  custom:video-decoder-webm-vp8: 9c59270c3fd7afecdb556c50c9e8de78 -> 
  custom:audio-decoder-ogg-vorbis: bf7c407c2cedff20999df2af8eb42d56 -> 
  custom:audio-encoder-webm-vorbis: bf7c407c2cedff20999df2af8eb42d56 -> 
========================================================================
Received Import Request.
  path: Assets/Scenes/Level1_9x9 1.unity
  artifactKey: Guid(72e8ef5fd4d525043b8898c4a9c6bf68) Importer(815301076,1909f56bfc062723c751e8b465ee728b)
Start importing Assets/Scenes/Level1_9x9 1.unity using Guid(72e8ef5fd4d525043b8898c4a9c6bf68) Importer(815301076,1909f56bfc062723c751e8b465ee728b)  -> (artifact id: 'ca25b1102820aee01a6d95445c942eda') in 0.014408 seconds 
========================================================================
Received Import Request.
  Time since last request: 7.882219 seconds.
  path: Assets/Scenes/Level1_5_5.unity
  artifactKey: Guid(72e8ef5fd4d525043b8898c4a9c6bf68) Importer(815301076,1909f56bfc062723c751e8b465ee728b)
Start importing Assets/Scenes/Level1_5_5.unity using Guid(72e8ef5fd4d525043b8898c4a9c6bf68) Importer(815301076,1909f56bfc062723c751e8b465ee728b)  -> (artifact id: '38800c254f5f4543250ecb8075064822') in 0.008217 seconds 
========================================================================
Received Import Request.
  Time since last request: 6.084835 seconds.
  path: Assets/Scenes/Level1_5x5.unity
  artifactKey: Guid(72e8ef5fd4d525043b8898c4a9c6bf68) Importer(815301076,1909f56bfc062723c751e8b465ee728b)
Start importing Assets/Scenes/Level1_5x5.unity using Guid(72e8ef5fd4d525043b8898c4a9c6bf68) Importer(815301076,1909f56bfc062723c751e8b465ee728b)  -> (artifact id: '698d07630926ed326dd063dcc2cb60d3') in 0.008171 seconds 
========================================================================
Received Import Request.
  Time since last request: 4.951392 seconds.
  path: Assets/Scenes/Level1_9x9.unity
  artifactKey: Guid(2cda990e2423bbf4892e6590ba056729) Importer(815301076,1909f56bfc062723c751e8b465ee728b)
Start importing Assets/Scenes/Level1_9x9.unity using Guid(2cda990e2423bbf4892e6590ba056729) Importer(815301076,1909f56bfc062723c751e8b465ee728b)  -> (artifact id: 'a4d8ada53df654f115cdce759c386d75') in 0.008148 seconds 
========================================================================
Received Import Request.
  Time since last request: 253.557997 seconds.
  path: Assets/Scenes/Level1_9x9.unity
  artifactKey: Guid(2cda990e2423bbf4892e6590ba056729) Importer(815301076,1909f56bfc062723c751e8b465ee728b)
Start importing Assets/Scenes/Level1_9x9.unity using Guid(2cda990e2423bbf4892e6590ba056729) Importer(815301076,1909f56bfc062723c751e8b465ee728b)  -> (artifact id: '07a1b4a9fb4e8b1bdde814d06afbffaf') in 0.006162 seconds 
========================================================================
Received Import Request.
  Time since last request: 6.868552 seconds.
  path: Assets/Scenes/Level1_9x9 1.unity
  artifactKey: Guid(077c08328b7d8364cbee8e9a75c18a07) Importer(815301076,1909f56bfc062723c751e8b465ee728b)
Start importing Assets/Scenes/Level1_9x9 1.unity using Guid(077c08328b7d8364cbee8e9a75c18a07) Importer(815301076,1909f56bfc062723c751e8b465ee728b)  -> (artifact id: 'dbb6b10157d18175da140e65185e9978') in 0.019970 seconds 
========================================================================
Received Import Request.
  Time since last request: 5.291875 seconds.
  path: Assets/Scenes/Level1_5x5.unity
  artifactKey: Guid(077c08328b7d8364cbee8e9a75c18a07) Importer(815301076,1909f56bfc062723c751e8b465ee728b)
Start importing Assets/Scenes/Level1_5x5.unity using Guid(077c08328b7d8364cbee8e9a75c18a07) Importer(815301076,1909f56bfc062723c751e8b465ee728b)  -> (artifact id: '21bff9154998fc7b2cf44e00875fc739') in 0.005419 seconds 
========================================================================
Received Import Request.
  Time since last request: 34.564936 seconds.
  path: Assets/Scenes/Level1_9x9.unity
  artifactKey: Guid(2cda990e2423bbf4892e6590ba056729) Importer(815301076,1909f56bfc062723c751e8b465ee728b)
Start importing Assets/Scenes/Level1_9x9.unity using Guid(2cda990e2423bbf4892e6590ba056729) Importer(815301076,1909f56bfc062723c751e8b465ee728b)  -> (artifact id: 'ccffb01de8b5c51a743f62d12e4c081f') in 0.004970 seconds 
========================================================================
Received Import Request.
  Time since last request: 0.963683 seconds.
  path: Assets/Scenes/Level1_9x9 1.unity
  artifactKey: Guid(5a4309bebac62d649b58162c4c392545) Importer(815301076,1909f56bfc062723c751e8b465ee728b)
Start importing Assets/Scenes/Level1_9x9 1.unity using Guid(5a4309bebac62d649b58162c4c392545) Importer(815301076,1909f56bfc062723c751e8b465ee728b)  -> (artifact id: '6f9b83626c5a69b0611f4ecc7b2cb160') in 0.004166 seconds 
========================================================================
Received Import Request.
  Time since last request: 5.645844 seconds.
  path: Assets/Scenes/Level2_9x9.unity
  artifactKey: Guid(2cda990e2423bbf4892e6590ba056729) Importer(815301076,1909f56bfc062723c751e8b465ee728b)
Start importing Assets/Scenes/Level2_9x9.unity using Guid(2cda990e2423bbf4892e6590ba056729) Importer(815301076,1909f56bfc062723c751e8b465ee728b)  -> (artifact id: 'ba81353c9c20a7f43730070959d18a5d') in 0.008917 seconds 
========================================================================
Received Import Request.
  Time since last request: 1.700466 seconds.
  path: Assets/Scenes/Level2_9x9 1.unity
  artifactKey: Guid(8ea726719d408a14ebdc02b50721fbb7) Importer(815301076,1909f56bfc062723c751e8b465ee728b)
Start importing Assets/Scenes/Level2_9x9 1.unity using Guid(8ea726719d408a14ebdc02b50721fbb7) Importer(815301076,1909f56bfc062723c751e8b465ee728b)  -> (artifact id: '676118377df0a4ae3a6b59be44672679') in 0.008398 seconds 
========================================================================
Received Import Request.
  Time since last request: 8.337051 seconds.
  path: Assets/Scenes/Level3_9x9.unity
  artifactKey: Guid(8ea726719d408a14ebdc02b50721fbb7) Importer(815301076,1909f56bfc062723c751e8b465ee728b)
Start importing Assets/Scenes/Level3_9x9.unity using Guid(8ea726719d408a14ebdc02b50721fbb7) Importer(815301076,1909f56bfc062723c751e8b465ee728b)  -> (artifact id: '8338977e2c9722fa8c178da160b25a8a') in 0.006634 seconds 
========================================================================
Received Import Request.
  Time since last request: 3.283414 seconds.
  path: Assets/Scenes/Level3_9x9 1.unity
  artifactKey: Guid(dd4d6624e3fbd98479e208443da0fa32) Importer(815301076,1909f56bfc062723c751e8b465ee728b)
Start importing Assets/Scenes/Level3_9x9 1.unity using Guid(dd4d6624e3fbd98479e208443da0fa32) Importer(815301076,1909f56bfc062723c751e8b465ee728b)  -> (artifact id: '071cb37b9a1896b375af4e3fc9055f82') in 0.007800 seconds 
========================================================================
Received Import Request.
  Time since last request: 5.581289 seconds.
  path: Assets/Scenes/Level4_9x9.unity
  artifactKey: Guid(dd4d6624e3fbd98479e208443da0fa32) Importer(815301076,1909f56bfc062723c751e8b465ee728b)
Start importing Assets/Scenes/Level4_9x9.unity using Guid(dd4d6624e3fbd98479e208443da0fa32) Importer(815301076,1909f56bfc062723c751e8b465ee728b)  -> (artifact id: '9c4e6ce9037cd4f0574a768bf2a84fc0') in 0.007315 seconds 
========================================================================
Received Import Request.
  Time since last request: 4.041149 seconds.
  path: Assets/Scenes/Level1_5x5.unity
  artifactKey: Guid(077c08328b7d8364cbee8e9a75c18a07) Importer(815301076,1909f56bfc062723c751e8b465ee728b)
Start importing Assets/Scenes/Level1_5x5.unity using Guid(077c08328b7d8364cbee8e9a75c18a07) Importer(815301076,1909f56bfc062723c751e8b465ee728b)  -> (artifact id: 'e8d49e81d42df9a6cacf501d8d8c4ab7') in 0.003707 seconds 
========================================================================
Received Import Request.
  Time since last request: 24.482494 seconds.
  path: Assets/Scenes/Level2_9x9.unity
  artifactKey: Guid(2cda990e2423bbf4892e6590ba056729) Importer(815301076,1909f56bfc062723c751e8b465ee728b)
Start importing Assets/Scenes/Level2_9x9.unity using Guid(2cda990e2423bbf4892e6590ba056729) Importer(815301076,1909f56bfc062723c751e8b465ee728b)  -> (artifact id: '0207d1bc2264bdcd1c4271cc0e46e86f') in 0.003973 seconds 
========================================================================
Received Import Request.
  Time since last request: 17.152397 seconds.
  path: Assets/Scenes/Level3_9x9.unity
  artifactKey: Guid(8ea726719d408a14ebdc02b50721fbb7) Importer(815301076,1909f56bfc062723c751e8b465ee728b)
Start importing Assets/Scenes/Level3_9x9.unity using Guid(8ea726719d408a14ebdc02b50721fbb7) Importer(815301076,1909f56bfc062723c751e8b465ee728b)  -> (artifact id: 'a95506f1a3170d959f618fea354cb6e8') in 0.003917 seconds 
========================================================================
Received Import Request.
  Time since last request: 56.001403 seconds.
  path: Assets/Scenes/Level4_9x9.unity
  artifactKey: Guid(dd4d6624e3fbd98479e208443da0fa32) Importer(815301076,1909f56bfc062723c751e8b465ee728b)
Start importing Assets/Scenes/Level4_9x9.unity using Guid(dd4d6624e3fbd98479e208443da0fa32) Importer(815301076,1909f56bfc062723c751e8b465ee728b)  -> (artifact id: '694e276c72bf342ca424837ebaf1950d') in 0.003936 seconds 
========================================================================
Received Import Request.
  Time since last request: 46.812742 seconds.
  path: Assets/Scenes/Level1_9x9.unity
  artifactKey: Guid(5a4309bebac62d649b58162c4c392545) Importer(815301076,1909f56bfc062723c751e8b465ee728b)
Start importing Assets/Scenes/Level1_9x9.unity using Guid(5a4309bebac62d649b58162c4c392545) Importer(815301076,1909f56bfc062723c751e8b465ee728b)  -> (artifact id: '8d8a4eaa1a1e578e3f4f08e66d2ce9b8') in 0.005151 seconds 
========================================================================
Received Import Request.
  Time since last request: 5.676182 seconds.
  path: Assets/Scenes/Level1_9x9 1.unity
  artifactKey: Guid(7af74073345c7dd4db8bc757f18399c5) Importer(815301076,1909f56bfc062723c751e8b465ee728b)
Start importing Assets/Scenes/Level1_9x9 1.unity using Guid(7af74073345c7dd4db8bc757f18399c5) Importer(815301076,1909f56bfc062723c751e8b465ee728b)  -> (artifact id: 'e7fa22f1960b7c3bdd488872452374e5') in 0.004380 seconds 
========================================================================
Received Import Request.
  Time since last request: 4.528634 seconds.
  path: Assets/Scenes/Level1_5x5.unity
  artifactKey: Guid(7af74073345c7dd4db8bc757f18399c5) Importer(815301076,1909f56bfc062723c751e8b465ee728b)
Start importing Assets/Scenes/Level1_5x5.unity using Guid(7af74073345c7dd4db8bc757f18399c5) Importer(815301076,1909f56bfc062723c751e8b465ee728b)  -> (artifact id: '8ff99e2d2f91873b7277e208121ac1a8') in 0.004184 seconds 
========================================================================
Received Import Request.
  Time since last request: 3.637395 seconds.
  path: Assets/Scenes/Level2_9x9 1.unity
  artifactKey: Guid(0b75b0e3aafce604fbef6cacd540cb8a) Importer(815301076,1909f56bfc062723c751e8b465ee728b)
Start importing Assets/Scenes/Level2_9x9 1.unity using Guid(0b75b0e3aafce604fbef6cacd540cb8a) Importer(815301076,1909f56bfc062723c751e8b465ee728b)  -> (artifact id: '16f736b0a2abb428a10cfba8bfb9d1c8') in 0.003950 seconds 
========================================================================
Received Import Request.
  Time since last request: 4.588069 seconds.
  path: Assets/Scenes/Level2_5x5.unity
  artifactKey: Guid(0b75b0e3aafce604fbef6cacd540cb8a) Importer(815301076,1909f56bfc062723c751e8b465ee728b)
Start importing Assets/Scenes/Level2_5x5.unity using Guid(0b75b0e3aafce604fbef6cacd540cb8a) Importer(815301076,1909f56bfc062723c751e8b465ee728b)  -> (artifact id: '707028cb5e830b493688bacdee7e4416') in 0.007237 seconds 
========================================================================
Received Import Request.
  Time since last request: 2.994793 seconds.
  path: Assets/Scenes/Level3_9x9 1.unity
  artifactKey: Guid(b3cfe91329ba7664196483bc4b601d8f) Importer(815301076,1909f56bfc062723c751e8b465ee728b)
Start importing Assets/Scenes/Level3_9x9 1.unity using Guid(b3cfe91329ba7664196483bc4b601d8f) Importer(815301076,1909f56bfc062723c751e8b465ee728b)  -> (artifact id: 'cec923798ddf7b4026e2dc69a2f296e5') in 0.004689 seconds 
========================================================================
Received Import Request.
  Time since last request: 4.298838 seconds.
  path: Assets/Scenes/Level3_5x5.unity
  artifactKey: Guid(b3cfe91329ba7664196483bc4b601d8f) Importer(815301076,1909f56bfc062723c751e8b465ee728b)
Start importing Assets/Scenes/Level3_5x5.unity using Guid(b3cfe91329ba7664196483bc4b601d8f) Importer(815301076,1909f56bfc062723c751e8b465ee728b)  -> (artifact id: '50f7fe7e84ee155d6f10b8a290334374') in 0.009413 seconds 
========================================================================
Received Import Request.
  Time since last request: 7.332934 seconds.
  path: Assets/Scenes/Level4_5x5.unity
  artifactKey: Guid(dd4d6624e3fbd98479e208443da0fa32) Importer(815301076,1909f56bfc062723c751e8b465ee728b)
Start importing Assets/Scenes/Level4_5x5.unity using Guid(dd4d6624e3fbd98479e208443da0fa32) Importer(815301076,1909f56bfc062723c751e8b465ee728b)  -> (artifact id: '575cef2d45f990d675660ec5a1fb30e9') in 0.007462 seconds 
========================================================================
Received Import Request.
  Time since last request: 49.467931 seconds.
  path: Assets/Scenes/Level4_5x5 1.unity
  artifactKey: Guid(4afb71f1f68c5a947a0c0d0416f7d7e9) Importer(815301076,1909f56bfc062723c751e8b465ee728b)
Start importing Assets/Scenes/Level4_5x5 1.unity using Guid(4afb71f1f68c5a947a0c0d0416f7d7e9) Importer(815301076,1909f56bfc062723c751e8b465ee728b)  -> (artifact id: '06574b2f4367f9a0414342ea156e03f7') in 0.007780 seconds 
========================================================================
Received Import Request.
  Time since last request: 10.988712 seconds.
  path: Assets/Scenes/Level3_5x5.unity
  artifactKey: Guid(b3cfe91329ba7664196483bc4b601d8f) Importer(815301076,1909f56bfc062723c751e8b465ee728b)
Start importing Assets/Scenes/Level3_5x5.unity using Guid(b3cfe91329ba7664196483bc4b601d8f) Importer(815301076,1909f56bfc062723c751e8b465ee728b)  -> (artifact id: 'ea3ec0588b1868f53e77036e10917458') in 0.016056 seconds 
========================================================================
Received Import Request.
  Time since last request: 12.352440 seconds.
  path: Assets/Scenes/Level4_9x9.unity
  artifactKey: Guid(4afb71f1f68c5a947a0c0d0416f7d7e9) Importer(815301076,1909f56bfc062723c751e8b465ee728b)
Start importing Assets/Scenes/Level4_9x9.unity using Guid(4afb71f1f68c5a947a0c0d0416f7d7e9) Importer(815301076,1909f56bfc062723c751e8b465ee728b)  -> (artifact id: 'bb8c04a5517d0aeff49735e086bace8c') in 0.003685 seconds 
========================================================================
Received Import Request.
  Time since last request: 7.803862 seconds.
  path: Assets/Scenes/Level4_5x5.unity
  artifactKey: Guid(dd4d6624e3fbd98479e208443da0fa32) Importer(815301076,1909f56bfc062723c751e8b465ee728b)
Start importing Assets/Scenes/Level4_5x5.unity using Guid(dd4d6624e3fbd98479e208443da0fa32) Importer(815301076,1909f56bfc062723c751e8b465ee728b)  -> (artifact id: '237427571bbefd29e62b64d47fdba8d2') in 0.004212 seconds 
========================================================================
Received Import Request.
  Time since last request: 32.892952 seconds.
  path: Assets/Scenes/Level2_5x5.unity
  artifactKey: Guid(0b75b0e3aafce604fbef6cacd540cb8a) Importer(815301076,1909f56bfc062723c751e8b465ee728b)
Start importing Assets/Scenes/Level2_5x5.unity using Guid(0b75b0e3aafce604fbef6cacd540cb8a) Importer(815301076,1909f56bfc062723c751e8b465ee728b)  -> (artifact id: '0901f44401e7cfe8d4c77525446b621c') in 0.004143 seconds 
========================================================================
Received Import Request.
  Time since last request: 15.489349 seconds.
  path: Assets/Scenes/Level3_5x5 1.unity
  artifactKey: Guid(eb7edc6d718282044815e354ef89984c) Importer(815301076,1909f56bfc062723c751e8b465ee728b)
Start importing Assets/Scenes/Level3_5x5 1.unity using Guid(eb7edc6d718282044815e354ef89984c) Importer(815301076,1909f56bfc062723c751e8b465ee728b)  -> (artifact id: 'cc961d62dbf81086a290bb6d3eb24f13') in 0.007811 seconds 
========================================================================
Received Import Request.
  Time since last request: 1.633023 seconds.
  path: Assets/Scenes/Level4_5x5 1.unity
  artifactKey: Guid(9b5a7b14bc1c078478a9d9557dafcc8d) Importer(815301076,1909f56bfc062723c751e8b465ee728b)
Start importing Assets/Scenes/Level4_5x5 1.unity using Guid(9b5a7b14bc1c078478a9d9557dafcc8d) Importer(815301076,1909f56bfc062723c751e8b465ee728b)  -> (artifact id: '28d36ef86a2156d27c28118860a8942f') in 0.003800 seconds 
========================================================================
Received Import Request.
  Time since last request: 1.561681 seconds.
  path: Assets/Scenes/Level3_9x9 1.unity
  artifactKey: Guid(d65c9057ad4a1c847a7fe90bfbd8256d) Importer(815301076,1909f56bfc062723c751e8b465ee728b)
Start importing Assets/Scenes/Level3_9x9 1.unity using Guid(d65c9057ad4a1c847a7fe90bfbd8256d) Importer(815301076,1909f56bfc062723c751e8b465ee728b)  -> (artifact id: '1acfc4ed5de47610de7a0d5fed3cbdcc') in 0.003726 seconds 
========================================================================
Received Import Request.
  Time since last request: 1.562864 seconds.
  path: Assets/Scenes/Level4_9x9 1.unity
  artifactKey: Guid(32174dd4eb7d1d442a3db9d14683ba1e) Importer(815301076,1909f56bfc062723c751e8b465ee728b)
Start importing Assets/Scenes/Level4_9x9 1.unity using Guid(32174dd4eb7d1d442a3db9d14683ba1e) Importer(815301076,1909f56bfc062723c751e8b465ee728b)  -> (artifact id: '11f45b5c4f1cccc16eb71f198c86c2db') in 0.007733 seconds 
========================================================================
Received Import Request.
  Time since last request: 1.203005 seconds.
  path: Assets/Scenes/Level2_9x9 1.unity
  artifactKey: Guid(96a274dfdf6a37c498c2de8ac4f15aa0) Importer(815301076,1909f56bfc062723c751e8b465ee728b)
Start importing Assets/Scenes/Level2_9x9 1.unity using Guid(96a274dfdf6a37c498c2de8ac4f15aa0) Importer(815301076,1909f56bfc062723c751e8b465ee728b)  -> (artifact id: '8e7cdc3c623d8e17b28dfb70aae35f69') in 0.003760 seconds 
========================================================================
Received Import Request.
  Time since last request: 34.012070 seconds.
  path: Assets/Scenes/Level1_9x9 1.unity
  artifactKey: Guid(58ea8f89e5e602b48a7224085839612b) Importer(815301076,1909f56bfc062723c751e8b465ee728b)
Start importing Assets/Scenes/Level1_9x9 1.unity using Guid(58ea8f89e5e602b48a7224085839612b) Importer(815301076,1909f56bfc062723c751e8b465ee728b)  -> (artifact id: 'cb5c9de859fca91ec7bfafa5051674af') in 0.003905 seconds 
========================================================================
Received Import Request.
  Time since last request: 10.059804 seconds.
  path: Assets/Scenes/Level1_5x5.unity
  artifactKey: Guid(58ea8f89e5e602b48a7224085839612b) Importer(815301076,1909f56bfc062723c751e8b465ee728b)
Start importing Assets/Scenes/Level1_5x5.unity using Guid(58ea8f89e5e602b48a7224085839612b) Importer(815301076,1909f56bfc062723c751e8b465ee728b)  -> (artifact id: 'cba2f7c48c60249491eab14f7d999176') in 0.004060 seconds 
========================================================================
Received Import Request.
  Time since last request: 5.413825 seconds.
  path: Assets/Scenes/Level1_9x9 1.unity
  artifactKey: Guid(2f5c822526a4398499ab007cd6f1ae6b) Importer(815301076,1909f56bfc062723c751e8b465ee728b)
Start importing Assets/Scenes/Level1_9x9 1.unity using Guid(2f5c822526a4398499ab007cd6f1ae6b) Importer(815301076,1909f56bfc062723c751e8b465ee728b)  -> (artifact id: 'aafe027d8fa806730a86d841a2c87156') in 0.004378 seconds 
========================================================================
Received Import Request.
  Time since last request: 7.061540 seconds.
  path: Assets/Scenes/Level2_9x9.unity
  artifactKey: Guid(2f5c822526a4398499ab007cd6f1ae6b) Importer(815301076,1909f56bfc062723c751e8b465ee728b)
Start importing Assets/Scenes/Level2_9x9.unity using Guid(2f5c822526a4398499ab007cd6f1ae6b) Importer(815301076,1909f56bfc062723c751e8b465ee728b)  -> (artifact id: 'f18b1b1cfc6167c81b2e9c53abe9b254') in 0.004337 seconds 
========================================================================
Received Import Request.
  Time since last request: 1.587671 seconds.
  path: Assets/Scenes/Level2_9x9 1.unity
  artifactKey: Guid(ade1523d9ebfab346b667dc5a5a779df) Importer(815301076,1909f56bfc062723c751e8b465ee728b)
Start importing Assets/Scenes/Level2_9x9 1.unity using Guid(ade1523d9ebfab346b667dc5a5a779df) Importer(815301076,1909f56bfc062723c751e8b465ee728b)  -> (artifact id: '0b224cc5cee6864123468b27546cea62') in 0.004206 seconds 
========================================================================
Received Import Request.
  Time since last request: 3.929376 seconds.
  path: Assets/Scenes/Level2_5x5.unity
  artifactKey: Guid(ade1523d9ebfab346b667dc5a5a779df) Importer(815301076,1909f56bfc062723c751e8b465ee728b)
Start importing Assets/Scenes/Level2_5x5.unity using Guid(ade1523d9ebfab346b667dc5a5a779df) Importer(815301076,1909f56bfc062723c751e8b465ee728b)  -> (artifact id: '4fff748a6793086dc83c455e10275ec9') in 0.004228 seconds 
========================================================================
Received Import Request.
  Time since last request: 1.518741 seconds.
  path: Assets/Scenes/Level2_9x9 1.unity
  artifactKey: Guid(8a795da02842af64ba37358f6c15edd1) Importer(815301076,1909f56bfc062723c751e8b465ee728b)
Start importing Assets/Scenes/Level2_9x9 1.unity using Guid(8a795da02842af64ba37358f6c15edd1) Importer(815301076,1909f56bfc062723c751e8b465ee728b)  -> (artifact id: '5da6b79bc532bdf438524e5e50dbd9c7') in 0.004295 seconds 
========================================================================
Received Import Request.
  Time since last request: 10.497103 seconds.
  path: Assets/Scenes/Level3_9x9.unity
  artifactKey: Guid(8a795da02842af64ba37358f6c15edd1) Importer(815301076,1909f56bfc062723c751e8b465ee728b)
Start importing Assets/Scenes/Level3_9x9.unity using Guid(8a795da02842af64ba37358f6c15edd1) Importer(815301076,1909f56bfc062723c751e8b465ee728b)  -> (artifact id: '0ff12a4566e90156f4d69ca26e7b99da') in 0.004707 seconds 
========================================================================
Received Import Request.
  Time since last request: 1.030774 seconds.
  path: Assets/Scenes/Level3_9x9 1.unity
  artifactKey: Guid(329a250f20e586f4588518960cffc994) Importer(815301076,1909f56bfc062723c751e8b465ee728b)
Start importing Assets/Scenes/Level3_9x9 1.unity using Guid(329a250f20e586f4588518960cffc994) Importer(815301076,1909f56bfc062723c751e8b465ee728b)  -> (artifact id: '7335aaaa90c3e826d2e89fdaa8f5a2aa') in 0.004123 seconds 
========================================================================
Received Import Request.
  Time since last request: 4.524032 seconds.
  path: Assets/Scenes/Level3_5x5.unity
  artifactKey: Guid(329a250f20e586f4588518960cffc994) Importer(815301076,1909f56bfc062723c751e8b465ee728b)
Start importing Assets/Scenes/Level3_5x5.unity using Guid(329a250f20e586f4588518960cffc994) Importer(815301076,1909f56bfc062723c751e8b465ee728b)  -> (artifact id: '5433b36161dcaade86caf3066d33a315') in 0.003959 seconds 
========================================================================
Received Import Request.
  Time since last request: 1.538727 seconds.
  path: Assets/Scenes/Level3_9x9 1.unity
  artifactKey: Guid(73af70e0435771b4fa6db567a5b39455) Importer(815301076,1909f56bfc062723c751e8b465ee728b)
Start importing Assets/Scenes/Level3_9x9 1.unity using Guid(73af70e0435771b4fa6db567a5b39455) Importer(815301076,1909f56bfc062723c751e8b465ee728b)  -> (artifact id: '8c10fb7a1b0ebf250aeb49bdffcbd65e') in 0.003676 seconds 
========================================================================
Received Import Request.
  Time since last request: 4.749669 seconds.
  path: Assets/Scenes/Level4_9x9.unity
  artifactKey: Guid(73af70e0435771b4fa6db567a5b39455) Importer(815301076,1909f56bfc062723c751e8b465ee728b)
Start importing Assets/Scenes/Level4_9x9.unity using Guid(73af70e0435771b4fa6db567a5b39455) Importer(815301076,1909f56bfc062723c751e8b465ee728b)  -> (artifact id: '7114eed3113a9552bbae5a46eafc45b9') in 0.004837 seconds 
========================================================================
Received Import Request.
  Time since last request: 3.186113 seconds.
  path: Assets/Scenes/Level4_9x9 1.unity
  artifactKey: Guid(94ec62a6406a5f848915216cd787b605) Importer(815301076,1909f56bfc062723c751e8b465ee728b)
Start importing Assets/Scenes/Level4_9x9 1.unity using Guid(94ec62a6406a5f848915216cd787b605) Importer(815301076,1909f56bfc062723c751e8b465ee728b)  -> (artifact id: '60434d53ec31e9e94ce83add16a7500b') in 0.004351 seconds 
========================================================================
Received Import Request.
  Time since last request: 3.566225 seconds.
  path: Assets/Scenes/Level4_5x5.unity
  artifactKey: Guid(94ec62a6406a5f848915216cd787b605) Importer(815301076,1909f56bfc062723c751e8b465ee728b)
Start importing Assets/Scenes/Level4_5x5.unity using Guid(94ec62a6406a5f848915216cd787b605) Importer(815301076,1909f56bfc062723c751e8b465ee728b)  -> (artifact id: '8661fad57f5f620e673deb8fece9ec60') in 0.003890 seconds 
========================================================================
Received Import Request.
  Time since last request: 41.201160 seconds.
  path: Assets/Scenes/Level2_9x9.unity
  artifactKey: Guid(2f5c822526a4398499ab007cd6f1ae6b) Importer(815301076,1909f56bfc062723c751e8b465ee728b)
Start importing Assets/Scenes/Level2_9x9.unity using Guid(2f5c822526a4398499ab007cd6f1ae6b) Importer(815301076,1909f56bfc062723c751e8b465ee728b)  -> (artifact id: 'c5b872c0b6fc2fa380613416d8256e02') in 0.004085 seconds 
========================================================================
Received Import Request.
  Time since last request: 2.253744 seconds.
  path: Assets/Scenes/Level3_9x9.unity
  artifactKey: Guid(8a795da02842af64ba37358f6c15edd1) Importer(815301076,1909f56bfc062723c751e8b465ee728b)
Start importing Assets/Scenes/Level3_9x9.unity using Guid(8a795da02842af64ba37358f6c15edd1) Importer(815301076,1909f56bfc062723c751e8b465ee728b)  -> (artifact id: '96bd5f5cf7bc900aefabf2ab84fa8a66') in 0.007463 seconds 
========================================================================
Received Import Request.
  Time since last request: 1.713577 seconds.
  path: Assets/Scenes/Level4_9x9.unity
  artifactKey: Guid(73af70e0435771b4fa6db567a5b39455) Importer(815301076,1909f56bfc062723c751e8b465ee728b)
Start importing Assets/Scenes/Level4_9x9.unity using Guid(73af70e0435771b4fa6db567a5b39455) Importer(815301076,1909f56bfc062723c751e8b465ee728b)  -> (artifact id: '1ec1709396f61c1938bf0916c1033098') in 0.005603 seconds 
========================================================================
Received Import Request.
  Time since last request: 35.964258 seconds.
  path: Assets/Scenes/Level3_5x5.unity
  artifactKey: Guid(329a250f20e586f4588518960cffc994) Importer(815301076,1909f56bfc062723c751e8b465ee728b)
Start importing Assets/Scenes/Level3_5x5.unity using Guid(329a250f20e586f4588518960cffc994) Importer(815301076,1909f56bfc062723c751e8b465ee728b)  -> (artifact id: '81007c5f878fd43bd4bdddb75cabf30e') in 0.003838 seconds 
========================================================================
Received Import Request.
  Time since last request: 27.229329 seconds.
  path: Assets/Scenes/Level3_5x5.unity
  artifactKey: Guid(329a250f20e586f4588518960cffc994) Importer(815301076,1909f56bfc062723c751e8b465ee728b)
Start importing Assets/Scenes/Level3_5x5.unity using Guid(329a250f20e586f4588518960cffc994) Importer(815301076,1909f56bfc062723c751e8b465ee728b)  -> (artifact id: '3e0fc8777736ab90de64c48960633e56') in 0.003759 seconds 
========================================================================
Received Import Request.
  Time since last request: 4.663216 seconds.
  path: Assets/Scenes/Level4_5x5.unity
  artifactKey: Guid(94ec62a6406a5f848915216cd787b605) Importer(815301076,1909f56bfc062723c751e8b465ee728b)
Start importing Assets/Scenes/Level4_5x5.unity using Guid(94ec62a6406a5f848915216cd787b605) Importer(815301076,1909f56bfc062723c751e8b465ee728b)  -> (artifact id: '78d4daebb7d580c3f0f82c6e4662993b') in 0.003780 seconds 
========================================================================
Received Import Request.
  Time since last request: 16.953258 seconds.
  path: Assets/Scenes/Level1_5x5.unity
  artifactKey: Guid(58ea8f89e5e602b48a7224085839612b) Importer(815301076,1909f56bfc062723c751e8b465ee728b)
Start importing Assets/Scenes/Level1_5x5.unity using Guid(58ea8f89e5e602b48a7224085839612b) Importer(815301076,1909f56bfc062723c751e8b465ee728b)  -> (artifact id: '374e852f707139e3cfc0a7650ec09146') in 0.003978 seconds 
========================================================================
Received Import Request.
  Time since last request: 22.704957 seconds.
  path: Assets/Scenes/Level1_9x9.unity
  artifactKey: Guid(5a4309bebac62d649b58162c4c392545) Importer(815301076,1909f56bfc062723c751e8b465ee728b)
Start importing Assets/Scenes/Level1_9x9.unity using Guid(5a4309bebac62d649b58162c4c392545) Importer(815301076,1909f56bfc062723c751e8b465ee728b)  -> (artifact id: '9324e7046a31a05c3fd35721f0227a8b') in 0.003953 seconds 
========================================================================
Received Import Request.
  Time since last request: 28.967414 seconds.
  path: Assets/Scenes/Level2_5x5.unity
  artifactKey: Guid(ade1523d9ebfab346b667dc5a5a779df) Importer(815301076,1909f56bfc062723c751e8b465ee728b)
Start importing Assets/Scenes/Level2_5x5.unity using Guid(ade1523d9ebfab346b667dc5a5a779df) Importer(815301076,1909f56bfc062723c751e8b465ee728b)  -> (artifact id: 'ad4dbb34961184b2bea67f236cfb0419') in 0.003928 seconds 
========================================================================
Received Import Request.
  Time since last request: 34.125312 seconds.
  path: Assets/Scenes/Level1_9x9.unity
  artifactKey: Guid(5a4309bebac62d649b58162c4c392545) Importer(815301076,1909f56bfc062723c751e8b465ee728b)
Start importing Assets/Scenes/Level1_9x9.unity using Guid(5a4309bebac62d649b58162c4c392545) Importer(815301076,1909f56bfc062723c751e8b465ee728b)  -> (artifact id: '37e196db057088b67a5871deb9f2f103') in 0.003944 seconds 
========================================================================
Received Import Request.
  Time since last request: 16.941268 seconds.
  path: Assets/Scenes/Level1_5x5.unity
  artifactKey: Guid(58ea8f89e5e602b48a7224085839612b) Importer(815301076,1909f56bfc062723c751e8b465ee728b)
Start importing Assets/Scenes/Level1_5x5.unity using Guid(58ea8f89e5e602b48a7224085839612b) Importer(815301076,1909f56bfc062723c751e8b465ee728b)  -> (artifact id: 'd508e0bb02cc4e44453b01533cee56a5') in 0.003786 seconds 
========================================================================
Received Import Request.
  Time since last request: 15.708621 seconds.
  path: Assets/Scenes/Level2_5x5.unity
  artifactKey: Guid(ade1523d9ebfab346b667dc5a5a779df) Importer(815301076,1909f56bfc062723c751e8b465ee728b)
Start importing Assets/Scenes/Level2_5x5.unity using Guid(ade1523d9ebfab346b667dc5a5a779df) Importer(815301076,1909f56bfc062723c751e8b465ee728b)  -> (artifact id: '497c3fae8a915d946dd7f3b65bf023f5') in 0.004071 seconds 
========================================================================
Received Import Request.
  Time since last request: 1.821696 seconds.
  path: Assets/Scenes/Level2_9x9.unity
  artifactKey: Guid(2f5c822526a4398499ab007cd6f1ae6b) Importer(815301076,1909f56bfc062723c751e8b465ee728b)
Start importing Assets/Scenes/Level2_9x9.unity using Guid(2f5c822526a4398499ab007cd6f1ae6b) Importer(815301076,1909f56bfc062723c751e8b465ee728b)  -> (artifact id: 'db615fc4590d303f90602f25fb4f1a3b') in 0.003812 seconds 
========================================================================
Received Import Request.
  Time since last request: 38.322969 seconds.
  path: Assets/Scenes/Level3_9x9.unity
  artifactKey: Guid(8a795da02842af64ba37358f6c15edd1) Importer(815301076,1909f56bfc062723c751e8b465ee728b)
Start importing Assets/Scenes/Level3_9x9.unity using Guid(8a795da02842af64ba37358f6c15edd1) Importer(815301076,1909f56bfc062723c751e8b465ee728b)  -> (artifact id: 'ab4c66e1e8dcb543567ebe70e32777ed') in 0.003820 seconds 
========================================================================
Received Import Request.
  Time since last request: 39.557847 seconds.
  path: Assets/Scenes/Level1_9x9.unity
  artifactKey: Guid(5a4309bebac62d649b58162c4c392545) Importer(815301076,1909f56bfc062723c751e8b465ee728b)
Start importing Assets/Scenes/Level1_9x9.unity using Guid(5a4309bebac62d649b58162c4c392545) Importer(815301076,1909f56bfc062723c751e8b465ee728b)  -> (artifact id: 'b21b7e25256c20df17f6db0f9a39d4f3') in 0.003781 seconds 
========================================================================
Received Prepare
Refreshing native plugins compatible for Editor in 3.75 ms, found 3 plugins.
Preloading 0 native plugins for Editor in 0.00 ms.
Unloading 20 Unused Serialized files (Serialized files now loaded: 0)
System memory in use before: 54.6 MB.
System memory in use after: 54.5 MB.

Unloading 20 unused Assets to reduce memory usage. Loaded Objects now: 2666.
Total: 4.117300 ms (FindLiveObjects: 0.193500 ms CreateObjectMapping: 0.099900 ms MarkObjects: 3.638800 ms  DeleteObjects: 0.184400 ms)

AssetImportParameters requested are different than current active one (requested -> active):
  custom:framework-win-MediaFoundation: 216162199b28c13a410421893ffa2e32 -> 
  custom:video-decoder-ogg-theora: a1e56fd34408186e4bbccfd4996cb3dc -> 
  custom:container-muxer-webm: aa71ff27fc2769a1b78a27578f13a17b -> 
  custom:container-demuxer-webm: 4f35f7cbe854078d1ac9338744f61a02 -> 
  custom:container-demuxer-ogg: 62fdf1f143b41e24485cea50d1cbac27 -> 
  custom:video-encoder-webm-vp8: eb34c28f22e8b96e1ab97ce403110664 -> 
  custom:video-decoder-webm-vp8: 9c59270c3fd7afecdb556c50c9e8de78 -> 
  custom:audio-decoder-ogg-vorbis: bf7c407c2cedff20999df2af8eb42d56 -> 
  custom:audio-encoder-webm-vorbis: bf7c407c2cedff20999df2af8eb42d56 -> 
========================================================================
Received Prepare
Registering precompiled user dll's ...
Registered in 0.003601 seconds.
Begin MonoManager ReloadAssembly
Native extension for WindowsStandalone target not found
Refreshing native plugins compatible for Editor in 0.62 ms, found 3 plugins.
Preloading 0 native plugins for Editor in 0.00 ms.
Mono: successfully reloaded assembly
- Completed reload, in  1.053 seconds
Domain Reload Profiling:
	ReloadAssembly (1053ms)
		BeginReloadAssembly (133ms)
			ExecutionOrderSort (0ms)
			DisableScriptedObjects (6ms)
			BackupInstance (0ms)
			ReleaseScriptingObjects (0ms)
			CreateAndSetChildDomain (37ms)
		EndReloadAssembly (872ms)
			LoadAssemblies (125ms)
			RebuildTransferFunctionScriptingTraits (0ms)
			SetupTypeCache (287ms)
			ReleaseScriptCaches (1ms)
			RebuildScriptCaches (37ms)
			SetupLoadedEditorAssemblies (325ms)
				LogAssemblyErrors (0ms)
				InitializePlatformSupportModulesInManaged (6ms)
				SetLoadedEditorAssemblies (1ms)
				RefreshPlugins (1ms)
				BeforeProcessingInitializeOnLoad (120ms)
				ProcessInitializeOnLoadAttributes (184ms)
				ProcessInitializeOnLoadMethodAttributes (11ms)
				AfterProcessingInitializeOnLoad (3ms)
				EditorAssembliesLoaded (0ms)
			ExecutionOrderSort2 (0ms)
			AwakeInstancesAfterBackupRestoration (8ms)
Platform modules already initialized, skipping
Refreshing native plugins compatible for Editor in 0.44 ms, found 3 plugins.
Preloading 0 native plugins for Editor in 0.00 ms.
Unloading 2212 Unused Serialized files (Serialized files now loaded: 0)
System memory in use before: 98.3 MB.
System memory in use after: 98.3 MB.

Unloading 22 unused Assets to reduce memory usage. Loaded Objects now: 2668.
Total: 2.994300 ms (FindLiveObjects: 0.198000 ms CreateObjectMapping: 0.078900 ms MarkObjects: 2.589800 ms  DeleteObjects: 0.126800 ms)

AssetImportParameters requested are different than current active one (requested -> active):
  custom:framework-win-MediaFoundation: 216162199b28c13a410421893ffa2e32 -> 
  custom:video-decoder-ogg-theora: a1e56fd34408186e4bbccfd4996cb3dc -> 
  custom:container-muxer-webm: aa71ff27fc2769a1b78a27578f13a17b -> 
  custom:container-demuxer-webm: 4f35f7cbe854078d1ac9338744f61a02 -> 
  custom:container-demuxer-ogg: 62fdf1f143b41e24485cea50d1cbac27 -> 
  custom:video-encoder-webm-vp8: eb34c28f22e8b96e1ab97ce403110664 -> 
  custom:video-decoder-webm-vp8: 9c59270c3fd7afecdb556c50c9e8de78 -> 
  custom:audio-decoder-ogg-vorbis: bf7c407c2cedff20999df2af8eb42d56 -> 
  custom:audio-encoder-webm-vorbis: bf7c407c2cedff20999df2af8eb42d56 -> 
========================================================================
Received Prepare
Registering precompiled user dll's ...
Registered in 0.003621 seconds.
Begin MonoManager ReloadAssembly
Native extension for WindowsStandalone target not found
Refreshing native plugins compatible for Editor in 0.45 ms, found 3 plugins.
Preloading 0 native plugins for Editor in 0.00 ms.
Mono: successfully reloaded assembly
- Completed reload, in  0.942 seconds
Domain Reload Profiling:
	ReloadAssembly (943ms)
		BeginReloadAssembly (123ms)
			ExecutionOrderSort (0ms)
			DisableScriptedObjects (5ms)
			BackupInstance (0ms)
			ReleaseScriptingObjects (0ms)
			CreateAndSetChildDomain (32ms)
		EndReloadAssembly (773ms)
			LoadAssemblies (114ms)
			RebuildTransferFunctionScriptingTraits (0ms)
			SetupTypeCache (285ms)
			ReleaseScriptCaches (1ms)
			RebuildScriptCaches (36ms)
			SetupLoadedEditorAssemblies (277ms)
				LogAssemblyErrors (0ms)
				InitializePlatformSupportModulesInManaged (3ms)
				SetLoadedEditorAssemblies (0ms)
				RefreshPlugins (0ms)
				BeforeProcessingInitializeOnLoad (66ms)
				ProcessInitializeOnLoadAttributes (190ms)
				ProcessInitializeOnLoadMethodAttributes (13ms)
				AfterProcessingInitializeOnLoad (3ms)
				EditorAssembliesLoaded (0ms)
			ExecutionOrderSort2 (0ms)
			AwakeInstancesAfterBackupRestoration (10ms)
Platform modules already initialized, skipping
Refreshing native plugins compatible for Editor in 0.51 ms, found 3 plugins.
Preloading 0 native plugins for Editor in 0.00 ms.
Unloading 2212 Unused Serialized files (Serialized files now loaded: 0)
System memory in use before: 98.3 MB.
System memory in use after: 98.3 MB.

Unloading 22 unused Assets to reduce memory usage. Loaded Objects now: 2670.
Total: 2.689200 ms (FindLiveObjects: 0.151500 ms CreateObjectMapping: 0.058600 ms MarkObjects: 2.381100 ms  DeleteObjects: 0.097400 ms)

AssetImportParameters requested are different than current active one (requested -> active):
  custom:framework-win-MediaFoundation: 216162199b28c13a410421893ffa2e32 -> 
  custom:video-decoder-ogg-theora: a1e56fd34408186e4bbccfd4996cb3dc -> 
  custom:container-muxer-webm: aa71ff27fc2769a1b78a27578f13a17b -> 
  custom:container-demuxer-webm: 4f35f7cbe854078d1ac9338744f61a02 -> 
  custom:container-demuxer-ogg: 62fdf1f143b41e24485cea50d1cbac27 -> 
  custom:video-encoder-webm-vp8: eb34c28f22e8b96e1ab97ce403110664 -> 
  custom:video-decoder-webm-vp8: 9c59270c3fd7afecdb556c50c9e8de78 -> 
  custom:audio-decoder-ogg-vorbis: bf7c407c2cedff20999df2af8eb42d56 -> 
  custom:audio-encoder-webm-vorbis: bf7c407c2cedff20999df2af8eb42d56 -> 
========================================================================
Received Prepare
Registering precompiled user dll's ...
Registered in 0.003922 seconds.
Begin MonoManager ReloadAssembly
Native extension for WindowsStandalone target not found
Refreshing native plugins compatible for Editor in 0.56 ms, found 3 plugins.
Preloading 0 native plugins for Editor in 0.00 ms.
Mono: successfully reloaded assembly
- Completed reload, in  1.032 seconds
Domain Reload Profiling:
	ReloadAssembly (1032ms)
		BeginReloadAssembly (118ms)
			ExecutionOrderSort (0ms)
			DisableScriptedObjects (5ms)
			BackupInstance (0ms)
			ReleaseScriptingObjects (0ms)
			CreateAndSetChildDomain (30ms)
		EndReloadAssembly (867ms)
			LoadAssemblies (111ms)
			RebuildTransferFunctionScriptingTraits (0ms)
			SetupTypeCache (280ms)
			ReleaseScriptCaches (2ms)
			RebuildScriptCaches (55ms)
			SetupLoadedEditorAssemblies (325ms)
				LogAssemblyErrors (0ms)
				InitializePlatformSupportModulesInManaged (4ms)
				SetLoadedEditorAssemblies (0ms)
				RefreshPlugins (1ms)
				BeforeProcessingInitializeOnLoad (71ms)
				ProcessInitializeOnLoadAttributes (234ms)
				ProcessInitializeOnLoadMethodAttributes (12ms)
				AfterProcessingInitializeOnLoad (3ms)
				EditorAssembliesLoaded (0ms)
			ExecutionOrderSort2 (0ms)
			AwakeInstancesAfterBackupRestoration (9ms)
Platform modules already initialized, skipping
Refreshing native plugins compatible for Editor in 0.54 ms, found 3 plugins.
Preloading 0 native plugins for Editor in 0.00 ms.
Unloading 2212 Unused Serialized files (Serialized files now loaded: 0)
System memory in use before: 98.4 MB.
System memory in use after: 98.3 MB.

Unloading 22 unused Assets to reduce memory usage. Loaded Objects now: 2672.
Total: 6.512400 ms (FindLiveObjects: 0.263500 ms CreateObjectMapping: 0.154700 ms MarkObjects: 5.894500 ms  DeleteObjects: 0.198300 ms)

AssetImportParameters requested are different than current active one (requested -> active):
  custom:framework-win-MediaFoundation: 216162199b28c13a410421893ffa2e32 -> 
  custom:video-decoder-ogg-theora: a1e56fd34408186e4bbccfd4996cb3dc -> 
  custom:container-muxer-webm: aa71ff27fc2769a1b78a27578f13a17b -> 
  custom:container-demuxer-webm: 4f35f7cbe854078d1ac9338744f61a02 -> 
  custom:container-demuxer-ogg: 62fdf1f143b41e24485cea50d1cbac27 -> 
  custom:video-encoder-webm-vp8: eb34c28f22e8b96e1ab97ce403110664 -> 
  custom:video-decoder-webm-vp8: 9c59270c3fd7afecdb556c50c9e8de78 -> 
  custom:audio-decoder-ogg-vorbis: bf7c407c2cedff20999df2af8eb42d56 -> 
  custom:audio-encoder-webm-vorbis: bf7c407c2cedff20999df2af8eb42d56 -> 
========================================================================
Received Prepare
Refreshing native plugins compatible for Editor in 3.57 ms, found 3 plugins.
Preloading 0 native plugins for Editor in 0.00 ms.
Unloading 20 Unused Serialized files (Serialized files now loaded: 0)
System memory in use before: 54.8 MB.
System memory in use after: 54.8 MB.

Unloading 20 unused Assets to reduce memory usage. Loaded Objects now: 2672.
Total: 3.036300 ms (FindLiveObjects: 0.142000 ms CreateObjectMapping: 0.068200 ms MarkObjects: 2.663900 ms  DeleteObjects: 0.161700 ms)

AssetImportParameters requested are different than current active one (requested -> active):
  custom:framework-win-MediaFoundation: 216162199b28c13a410421893ffa2e32 -> 
  custom:video-decoder-ogg-theora: a1e56fd34408186e4bbccfd4996cb3dc -> 
  custom:container-muxer-webm: aa71ff27fc2769a1b78a27578f13a17b -> 
  custom:container-demuxer-webm: 4f35f7cbe854078d1ac9338744f61a02 -> 
  custom:container-demuxer-ogg: 62fdf1f143b41e24485cea50d1cbac27 -> 
  custom:video-encoder-webm-vp8: eb34c28f22e8b96e1ab97ce403110664 -> 
  custom:video-decoder-webm-vp8: 9c59270c3fd7afecdb556c50c9e8de78 -> 
  custom:audio-decoder-ogg-vorbis: bf7c407c2cedff20999df2af8eb42d56 -> 
  custom:audio-encoder-webm-vorbis: bf7c407c2cedff20999df2af8eb42d56 -> 
========================================================================
Received Import Request.
  Time since last request: 516.477884 seconds.
  path: Assets/Scenes/Level3_5x5.unity
  artifactKey: Guid(329a250f20e586f4588518960cffc994) Importer(815301076,1909f56bfc062723c751e8b465ee728b)
Start importing Assets/Scenes/Level3_5x5.unity using Guid(329a250f20e586f4588518960cffc994) Importer(815301076,1909f56bfc062723c751e8b465ee728b)  -> (artifact id: '8cdc1ce23748104fae876215a2b5dbce') in 0.014843 seconds 
AssetImportWorkerClient::OnTransportError - code=2 error=End of file
